13/Mar/2019:02:57:50 +0000 - GET /favicon.ico - 8.686 ms
14/Mar/2019:00:45:16 +0000 - GET /visualize - 24.166 ms
14/Mar/2019:00:45:17 +0000 - GET /favicon.ico - 1.229 ms
14/Mar/2019:00:46:42 +0000 - GET /visualize - 2.351 ms
14/Mar/2019:01:37:32 +0000 - GET /css/visualize.css - 3.612 ms
14/Mar/2019:01:38:14 +0000 - GET /css/visualize.css - 4.446 ms
14/Mar/2019:01:39:05 +0000 - GET /css/visualize.css - 2.723 ms
14/Mar/2019:01:45:09 +0000 - GET /css/visualize.css - 13.461 ms
14/Mar/2019:01:45:09 +0000 - GET /favicon.ico - 0.695 ms
14/Mar/2019:01:45:29 +0000 - GET /css/visualize.css - 2.567 ms
14/Mar/2019:01:45:29 +0000 - GET /favicon.ico - 2.827 ms
14/Mar/2019:01:46:35 +0000 - GET /css/visualize.css - 2.133 ms
14/Mar/2019:01:46:36 +0000 - GET /favicon.ico - 1.115 ms
14/Mar/2019:01:49:18 +0000 - GET /css/visualize.css - 1.358 ms
14/Mar/2019:01:49:18 +0000 - GET /favicon.ico - 1.065 ms
14/Mar/2019:01:50:31 +0000 - GET /css/visualize.css - 2.403 ms
14/Mar/2019:01:51:12 +0000 - GET /css/visualize.css - 1.109 ms
14/Mar/2019:01:51:54 +0000 - GET /css/visualize.css - 1.478 ms
14/Mar/2019:01:52:04 +0000 - GET /css/visualize.css - 3.460 ms
14/Mar/2019:01:52:20 +0000 - GET /css/visualize.css - 1.564 ms
14/Mar/2019:01:55:09 +0000 - GET /css/visualize.css - 1.391 ms
14/Mar/2019:01:55:09 +0000 - GET /favicon.ico - 1.304 ms
14/Mar/2019:01:55:33 +0000 - GET /css/visualize.css - 1.225 ms
14/Mar/2019:01:55:34 +0000 - GET /favicon.ico - 1.061 ms
14/Mar/2019:01:55:57 +0000 - GET /css/visualize.css - 1.453 ms
14/Mar/2019:01:56:30 +0000 - GET /css/visualize.css - 3.155 ms
14/Mar/2019:01:56:46 +0000 - GET /css/visualize.css - 1.524 ms
14/Mar/2019:01:57:29 +0000 - GET /css/visualize.css - 1.495 ms
14/Mar/2019:01:57:59 +0000 - GET /css/visualize.css - 1.416 ms
14/Mar/2019:01:58:27 +0000 - GET /css/visualize.css - 2.055 ms
14/Mar/2019:01:59:19 +0000 - GET /css/visualize.css - 2.439 ms
14/Mar/2019:02:00:28 +0000 - GET /css/visualize.css - 1.438 ms
14/Mar/2019:02:01:14 +0000 - GET /css/visualize.css - 2.014 ms
14/Mar/2019:02:01:59 +0000 - GET /css/visualize.css - 2.438 ms
14/Mar/2019:02:02:56 +0000 - GET /css/visualize.css - 1.636 ms
14/Mar/2019:02:03:37 +0000 - GET /css/visualize.css - 1.959 ms
14/Mar/2019:02:03:37 +0000 - GET /favicon.ico - 0.836 ms
14/Mar/2019:02:04:14 +0000 - GET /css/visualize.css - 2.589 ms
14/Mar/2019:02:04:49 +0000 - GET /css/visualize.css - 1.467 ms
14/Mar/2019:02:06:18 +0000 - GET /css/visualize.css - 2.633 ms
14/Mar/2019:02:07:41 +0000 - GET /css/visualize.css - 1.710 ms
14/Mar/2019:02:07:58 +0000 - GET /css/visualize.css - 1.273 ms
14/Mar/2019:02:08:21 +0000 - GET /css/visualize.css - 1.389 ms
14/Mar/2019:02:08:31 +0000 - GET /css/visualize.css - 1.359 ms
14/Mar/2019:02:12:14 +0000 - GET /css/visualize.css - 7.251 ms
14/Mar/2019:02:12:15 +0000 - GET /favicon.ico - 1.268 ms
14/Mar/2019:02:13:55 +0000 - GET /css/visualize.css - 2.642 ms
14/Mar/2019:02:14:05 +0000 - GET /css/visualize.css - 2.560 ms
14/Mar/2019:02:14:24 +0000 - GET /css/visualize.css - 1.482 ms
14/Mar/2019:02:14:53 +0000 - GET /css/visualize.css - 1.675 ms
14/Mar/2019:02:15:02 +0000 - GET /css/visualize.css - 1.144 ms
14/Mar/2019:02:15:16 +0000 - GET /css/visualize.css - 3.668 ms
14/Mar/2019:02:15:32 +0000 - GET /css/visualize.css - 3.109 ms
14/Mar/2019:02:16:15 +0000 - GET /css/visualize.css - 1.453 ms
14/Mar/2019:02:16:51 +0000 - GET /css/visualize.css - 1.202 ms
14/Mar/2019:02:17:29 +0000 - GET /css/visualize.css - 1.207 ms
14/Mar/2019:02:19:00 +0000 - GET /css/visualize.css - 3.314 ms
14/Mar/2019:02:19:06 +0000 - GET /css/visualize.css - 0.654 ms
14/Mar/2019:02:19:33 +0000 - GET /css/visualize.css - 1.484 ms
14/Mar/2019:02:26:26 +0000 - GET /css/visualize.css - 3.109 ms
14/Mar/2019:02:26:26 +0000 - GET /favicon.ico - 1.083 ms
14/Mar/2019:02:28:57 +0000 - GET /css/visualize.css - 2.335 ms
14/Mar/2019:02:28:57 +0000 - GET /favicon.ico - 1.289 ms
14/Mar/2019:02:29:34 +0000 - GET /css/visualize.css - 1.432 ms
14/Mar/2019:02:30:21 +0000 - GET /css/visualize.css - 6.472 ms
14/Mar/2019:02:30:26 +0000 - GET /css/visualize.css - 1.097 ms
14/Mar/2019:02:34:18 +0000 - GET /css/visualize.css - 2.405 ms
14/Mar/2019:02:36:05 +0000 - GET /css/visualize.css - 1.580 ms
14/Mar/2019:02:36:05 +0000 - GET /favicon.ico - 1.348 ms
14/Mar/2019:02:36:18 +0000 - GET /css/visualize.css - 0.921 ms
14/Mar/2019:02:36:19 +0000 - GET /favicon.ico - 0.751 ms
14/Mar/2019:02:36:28 +0000 - GET /css/visualize.css - 1.260 ms
14/Mar/2019:02:36:28 +0000 - GET /favicon.ico - 5.563 ms
14/Mar/2019:02:37:06 +0000 - GET /css/visualize.css - 2.893 ms
14/Mar/2019:02:37:06 +0000 - GET /favicon.ico - 1.175 ms
14/Mar/2019:02:37:45 +0000 - GET /css/visualize.css - 1.554 ms
14/Mar/2019:02:37:56 +0000 - GET /css/visualize.css - 1.341 ms
14/Mar/2019:02:38:21 +0000 - GET /css/visualize.css - 1.594 ms
14/Mar/2019:02:38:52 +0000 - GET /css/visualize.css - 1.931 ms
14/Mar/2019:02:41:45 +0000 - GET /css/visualize.css - 2.345 ms
14/Mar/2019:02:44:09 +0000 - GET /css/visualize.css - 5.086 ms
14/Mar/2019:02:44:09 +0000 - GET /favicon.ico - 1.259 ms
14/Mar/2019:02:46:02 +0000 - GET /css/visualize.css - 5.011 ms
14/Mar/2019:02:47:27 +0000 - GET /css/visualize.css - 1.645 ms
14/Mar/2019:02:50:16 +0000 - GET /css/visualize.css - 10.179 ms
14/Mar/2019:02:50:40 +0000 - GET /css/visualize.css - 1.110 ms
14/Mar/2019:02:50:48 +0000 - GET /css/visualize.css - 3.460 ms
14/Mar/2019:02:51:09 +0000 - GET /css/visualize.css - 2.112 ms
14/Mar/2019:02:51:56 +0000 - GET /css/visualize.css - 2.135 ms
14/Mar/2019:02:53:23 +0000 - GET /css/visualize.css - 1.642 ms
14/Mar/2019:02:53:41 +0000 - GET /css/visualize.css - 1.414 ms
14/Mar/2019:02:53:52 +0000 - GET /css/visualize.css - 3.917 ms
14/Mar/2019:02:54:32 +0000 - GET /css/visualize.css - 1.521 ms
14/Mar/2019:02:54:53 +0000 - GET /css/visualize.css - 1.358 ms
14/Mar/2019:02:55:12 +0000 - GET /css/visualize.css - 1.787 ms
14/Mar/2019:02:55:33 +0000 - GET /css/visualize.css - 1.952 ms
14/Mar/2019:02:55:43 +0000 - GET /css/visualize.css - 1.144 ms
14/Mar/2019:02:55:55 +0000 - GET /css/visualize.css - 1.700 ms
14/Mar/2019:02:56:30 +0000 - GET /css/visualize.css - 1.822 ms
14/Mar/2019:02:56:53 +0000 - GET /css/visualize.css - 2.352 ms
14/Mar/2019:02:57:18 +0000 - GET /css/visualize.css - 1.467 ms
14/Mar/2019:02:57:21 +0000 - GET /css/visualize.css - 1.322 ms
14/Mar/2019:02:57:50 +0000 - GET /css/visualize.css - 1.309 ms
14/Mar/2019:02:58:37 +0000 - GET /css/visualize.css - 1.595 ms
14/Mar/2019:02:58:57 +0000 - GET /css/visualize.css - 1.780 ms
14/Mar/2019:02:59:05 +0000 - GET /css/visualize.css - 1.070 ms
14/Mar/2019:02:59:25 +0000 - GET /css/visualize.css - 2.375 ms
14/Mar/2019:03:01:55 +0000 - GET /css/visualize.css - 2.639 ms
14/Mar/2019:03:02:20 +0000 - GET /css/visualize.css - 1.774 ms
14/Mar/2019:03:02:37 +0000 - GET /css/visualize.css - 2.381 ms
14/Mar/2019:03:02:47 +0000 - GET /css/visualize.css - 1.113 ms
14/Mar/2019:03:05:03 +0000 - GET /css/visualize.css - 4.182 ms
14/Mar/2019:03:06:06 +0000 - GET /css/visualize.css - 1.034 ms
14/Mar/2019:03:06:17 +0000 - GET /css/visualize.css - 3.041 ms
14/Mar/2019:03:06:51 +0000 - GET /css/visualize.css - 3.372 ms
14/Mar/2019:03:07:06 +0000 - GET /css/visualize.css - 1.372 ms
14/Mar/2019:03:08:04 +0000 - GET /css/visualize.css - 2.268 ms
14/Mar/2019:03:09:06 +0000 - GET /css/visualize.css - 6.872 ms
14/Mar/2019:03:09:46 +0000 - GET /css/visualize.css - 1.670 ms
14/Mar/2019:03:10:55 +0000 - GET /css/visualize.css - 1.864 ms
14/Mar/2019:03:10:55 +0000 - GET /favicon.ico - 1.243 ms
14/Mar/2019:03:11:06 +0000 - GET /css/visualize.css - 1.764 ms
14/Mar/2019:03:11:07 +0000 - GET /favicon.ico - 1.262 ms
14/Mar/2019:03:11:22 +0000 - GET /css/visualize.css - 1.692 ms
14/Mar/2019:03:11:22 +0000 - GET /favicon.ico - 0.675 ms
14/Mar/2019:03:11:58 +0000 - GET /css/visualize.css - 6.954 ms
14/Mar/2019:03:11:58 +0000 - GET /favicon.ico - 1.128 ms
14/Mar/2019:03:12:19 +0000 - GET /css/visualize.css - 3.463 ms
14/Mar/2019:03:12:19 +0000 - GET /favicon.ico - 1.650 ms
14/Mar/2019:03:12:42 +0000 - GET /css/visualize.css - 0.987 ms
14/Mar/2019:03:12:42 +0000 - GET /favicon.ico - 1.320 ms
14/Mar/2019:03:13:13 +0000 - GET /css/visualize.css - 2.910 ms
14/Mar/2019:03:13:13 +0000 - GET /favicon.ico - 1.203 ms
14/Mar/2019:03:16:22 +0000 - GET /css/visualize.css - 11.923 ms
14/Mar/2019:03:16:29 +0000 - GET /css/visualize.css - 1.408 ms
14/Mar/2019:03:17:00 +0000 - GET /css/visualize.css - 1.718 ms
14/Mar/2019:03:17:29 +0000 - GET /css/visualize.css - 1.345 ms
14/Mar/2019:03:34:14 +0000 - GET /css/visualize.css - 8.072 ms
14/Mar/2019:03:34:15 +0000 - GET /favicon.ico - 1.297 ms
14/Mar/2019:03:34:45 +0000 - GET /css/visualize.css - 1.436 ms
14/Mar/2019:03:34:45 +0000 - GET /favicon.ico - 1.098 ms
14/Mar/2019:03:36:23 +0000 - GET /css/visualize.css - 5.659 ms
14/Mar/2019:03:36:48 +0000 - GET /css/visualize.css - 1.513 ms
14/Mar/2019:03:38:04 +0000 - GET /css/visualize.css - 4.360 ms
14/Mar/2019:03:40:50 +0000 - GET /css/visualize.css - 6.452 ms
14/Mar/2019:03:47:07 +0000 - GET /css/visualize.css - 4.798 ms
14/Mar/2019:03:47:37 +0000 - GET /css/visualize.css - 1.990 ms
14/Mar/2019:03:48:33 +0000 - GET /css/visualize.css - 42.311 ms
14/Mar/2019:03:48:34 +0000 - GET /favicon.ico - 2.293 ms
14/Mar/2019:03:49:03 +0000 - GET /css/visualize.css - 0.682 ms
14/Mar/2019:03:49:03 +0000 - GET /favicon.ico - 0.872 ms
14/Mar/2019:03:49:34 +0000 - GET /css/visualize.css - 1.380 ms
14/Mar/2019:03:49:34 +0000 - GET /favicon.ico - 1.923 ms
14/Mar/2019:03:52:19 +0000 - GET /css/visualize.css - 1.107 ms
14/Mar/2019:03:52:19 +0000 - GET /css/visualize.css - 0.704 ms
14/Mar/2019:03:53:13 +0000 - POST /visualize - 2.221 ms
14/Mar/2019:03:56:19 +0000 - GET /visualize - 14.442 ms
14/Mar/2019:03:56:19 +0000 - GET /css/visualize.css - 1.302 ms
14/Mar/2019:03:56:26 +0000 - GET /favicon.ico - 1.273 ms
14/Mar/2019:03:56:28 +0000 - GET /visualize - 1.041 ms
14/Mar/2019:03:56:28 +0000 - GET /css/visualize.css - 0.895 ms
14/Mar/2019:03:57:00 +0000 - GET /favicon.ico - 1.357 ms
14/Mar/2019:03:57:02 +0000 - GET /visualize - 0.890 ms
14/Mar/2019:03:58:25 +0000 - GET /css/visualize.css - 3.781 ms
14/Mar/2019:03:58:30 +0000 - GET /css/visualize.css - 3.694 ms
14/Mar/2019:04:00:05 +0000 - GET /css/visualize.css - 3.723 ms
14/Mar/2019:04:00:11 +0000 - GET /css/visualize.css - 40.698 ms
14/Mar/2019:04:00:11 +0000 - GET /css/visualize.css - 1.083 ms
14/Mar/2019:04:00:15 +0000 - GET /css/visualize.css - 0.550 ms
14/Mar/2019:04:03:21 +0000 - GET /css/visualize.css - 1.911 ms
14/Mar/2019:04:03:22 +0000 - GET /css/visualize.css - 1.376 ms
14/Mar/2019:04:03:33 +0000 - GET /css/visualize.css - 0.666 ms
14/Mar/2019:06:04:36 +0000 - GET /favicon.ico - 2.083 ms
14/Mar/2019:06:04:50 +0000 - GET /css/visualize.css - 1.803 ms
14/Mar/2019:06:45:34 +0000 - GET /css/visualize.css - 3.808 ms
14/Mar/2019:06:45:34 +0000 - GET /favicon.ico - 1.147 ms
14/Mar/2019:09:31:51 +0000 - GET /css/visualize.css - 11.341 ms
14/Mar/2019:09:31:52 +0000 - GET /favicon.ico - 2.007 ms
14/Mar/2019:10:20:42 +0000 - GET /favicon.ico - 16.108 ms
14/Mar/2019:10:20:45 +0000 - GET /css/visualize.css - 3.034 ms
14/Mar/2019:10:20:52 +0000 - GET /css/visualize.css - 1.460 ms
14/Mar/2019:10:21:53 +0000 - GET /css/visualize.css - 6.076 ms
14/Mar/2019:10:21:58 +0000 - GET /css/visualize.css - 1.778 ms
14/Mar/2019:10:22:29 +0000 - GET /css/visualize.css - 6.239 ms
14/Mar/2019:10:22:34 +0000 - GET /css/visualize.css - 1.839 ms
14/Mar/2019:10:23:47 +0000 - GET /css/visualize.css - 5.199 ms
14/Mar/2019:10:23:53 +0000 - GET /css/visualize.css - 1.849 ms
14/Mar/2019:10:25:01 +0000 - GET /css/visualize.css - 4.489 ms
14/Mar/2019:10:25:31 +0000 - GET /css/visualize.css - 2.839 ms
14/Mar/2019:10:25:37 +0000 - GET /css/visualize.css - 2.104 ms
14/Mar/2019:10:26:40 +0000 - GET /css/visualize.css - 4.518 ms
14/Mar/2019:10:26:46 +0000 - GET /css/visualize.css - 6.621 ms
14/Mar/2019:10:29:11 +0000 - GET /css/visualize.css - 4.636 ms
14/Mar/2019:10:29:12 +0000 - GET /favicon.ico - 1.530 ms
14/Mar/2019:10:29:21 +0000 - GET /css/visualize.css - 1.943 ms
14/Mar/2019:10:30:50 +0000 - GET /favicon.ico - 4.530 ms
14/Mar/2019:10:30:53 +0000 - GET /css/visualize.css - 3.052 ms
14/Mar/2019:10:31:02 +0000 - GET /css/visualize.css - 1.807 ms
15/Mar/2019:04:16:26 +0000 - GET /css/visualize.css - 1.916 ms
15/Mar/2019:04:16:26 +0000 - GET /favicon.ico - 1.787 ms
15/Mar/2019:04:19:14 +0000 - GET /css/visualize.css - 3.233 ms
15/Mar/2019:04:19:16 +0000 - GET /css/visualize.css - 2.045 ms
15/Mar/2019:04:19:19 +0000 - GET /css/visualize.css - 1.182 ms
15/Mar/2019:04:26:46 +0000 - GET /css/visualize.css - 3.648 ms
15/Mar/2019:04:33:16 +0000 - GET /css/visualize.css - 3.622 ms
15/Mar/2019:04:37:38 +0000 - GET /css/visualize.css - 7.858 ms
15/Mar/2019:04:38:45 +0000 - GET /css/visualize.css - 6.555 ms
15/Mar/2019:04:41:29 +0000 - GET /css/visualize.css - 4.626 ms
15/Mar/2019:04:41:29 +0000 - GET /favicon.ico - 1.337 ms
15/Mar/2019:04:41:34 +0000 - GET /css/visualize.css - 0.699 ms
15/Mar/2019:04:41:41 +0000 - GET /css/visualize.css - 2.116 ms
15/Mar/2019:04:41:47 +0000 - GET /css/visualize.css - 2.849 ms
15/Mar/2019:04:46:04 +0000 - GET /css/visualize.css - 3.506 ms
15/Mar/2019:04:47:39 +0000 - GET /css/visualize.css - 2.384 ms
15/Mar/2019:04:47:41 +0000 - GET /css/visualize.css - 1.897 ms
15/Mar/2019:04:48:51 +0000 - GET /css/visualize.css - 6.326 ms
15/Mar/2019:04:49:16 +0000 - GET /css/visualize.css - 3.310 ms
15/Mar/2019:04:49:17 +0000 - GET /css/visualize.css - 2.492 ms
15/Mar/2019:04:49:30 +0000 - GET /css/visualize.css - 3.443 ms
15/Mar/2019:04:49:31 +0000 - GET /css/visualize.css - 1.631 ms
15/Mar/2019:04:51:41 +0000 - GET /css/visualize.css - 4.816 ms
15/Mar/2019:04:51:42 +0000 - GET /css/visualize.css - 1.919 ms
15/Mar/2019:04:52:26 +0000 - GET /css/visualize.css - 4.128 ms
15/Mar/2019:04:52:27 +0000 - GET /css/visualize.css - 7.320 ms
15/Mar/2019:04:53:13 +0000 - GET /css/visualize.css - 4.276 ms
15/Mar/2019:04:53:14 +0000 - GET /css/visualize.css - 5.116 ms
15/Mar/2019:04:54:25 +0000 - GET /css/visualize.css - 3.682 ms
15/Mar/2019:04:54:27 +0000 - GET /css/visualize.css - 4.774 ms
15/Mar/2019:04:54:58 +0000 - GET /css/visualize.css - 2.697 ms
15/Mar/2019:04:55:00 +0000 - GET /css/visualize.css - 2.245 ms
15/Mar/2019:04:55:48 +0000 - GET /css/visualize.css - 2.232 ms
15/Mar/2019:04:55:49 +0000 - GET /css/visualize.css - 2.625 ms
15/Mar/2019:04:57:11 +0000 - GET /css/visualize.css - 2.896 ms
15/Mar/2019:04:57:12 +0000 - GET /css/visualize.css - 1.492 ms
15/Mar/2019:04:59:01 +0000 - GET /css/visualize.css - 2.414 ms
15/Mar/2019:04:59:02 +0000 - GET /css/visualize.css - 1.736 ms
15/Mar/2019:05:00:18 +0000 - GET /css/visualize.css - 2.388 ms
15/Mar/2019:05:00:19 +0000 - GET /css/visualize.css - 1.539 ms
15/Mar/2019:05:00:40 +0000 - GET /css/visualize.css - 3.224 ms
15/Mar/2019:05:00:41 +0000 - GET /css/visualize.css - 3.933 ms
15/Mar/2019:05:01:19 +0000 - GET /css/visualize.css - 3.656 ms
15/Mar/2019:05:01:20 +0000 - GET /css/visualize.css - 2.752 ms
15/Mar/2019:05:04:13 +0000 - GET /css/visualize.css - 4.105 ms
15/Mar/2019:05:04:14 +0000 - GET /css/visualize.css - 1.858 ms
15/Mar/2019:05:04:33 +0000 - GET /css/visualize.css - 3.212 ms
15/Mar/2019:05:04:34 +0000 - GET /css/visualize.css - 1.962 ms
15/Mar/2019:05:06:10 +0000 - GET /css/visualize.css - 4.835 ms
15/Mar/2019:05:06:11 +0000 - GET /css/visualize.css - 1.474 ms
15/Mar/2019:05:07:30 +0000 - GET /css/visualize.css - 3.814 ms
15/Mar/2019:05:07:31 +0000 - GET /css/visualize.css - 1.769 ms
15/Mar/2019:05:09:14 +0000 - GET /css/visualize.css - 3.592 ms
15/Mar/2019:05:09:15 +0000 - GET /css/visualize.css - 1.738 ms
15/Mar/2019:10:32:24 +0000 - GET /css/visualize.css - 8.213 ms
15/Mar/2019:10:32:24 +0000 - GET /favicon.ico - 1.986 ms
15/Mar/2019:10:32:26 +0000 - GET /css/visualize.css - 1.609 ms
15/Mar/2019:10:33:01 +0000 - GET /css/visualize.css - 5.829 ms
15/Mar/2019:10:33:02 +0000 - GET /css/visualize.css - 1.925 ms
15/Mar/2019:10:36:39 +0000 - GET /css/visualize.css - 3.948 ms
15/Mar/2019:10:36:40 +0000 - GET /css/visualize.css - 2.468 ms
15/Mar/2019:10:37:25 +0000 - GET /css/visualize.css - 8.917 ms
15/Mar/2019:10:37:26 +0000 - GET /css/visualize.css - 2.617 ms
15/Mar/2019:10:38:43 +0000 - GET /css/visualize.css - 2.780 ms
15/Mar/2019:10:38:44 +0000 - GET /css/visualize.css - 2.259 ms
18/Mar/2019:03:31:11 +0000 - GET /css/visualize.css - 3.975 ms
18/Mar/2019:03:31:11 +0000 - GET /favicon.ico - 1.900 ms
18/Mar/2019:03:31:24 +0000 - GET /css/visualize.css - 1.843 ms
18/Mar/2019:03:41:48 +0000 - GET /css/visualize.css - 3.211 ms
18/Mar/2019:03:41:50 +0000 - GET /css/visualize.css - 2.562 ms
18/Mar/2019:03:49:43 +0000 - GET /css/visualize.css - 4.663 ms
18/Mar/2019:03:50:28 +0000 - GET /css/visualize.css - 4.520 ms
18/Mar/2019:03:50:29 +0000 - GET /css/visualize.css - 1.837 ms
18/Mar/2019:03:50:59 +0000 - GET /css/visualize.css - 3.224 ms
18/Mar/2019:03:51:02 +0000 - GET /css/visualize.css - 2.874 ms
18/Mar/2019:03:54:04 +0000 - GET /css/visualize.css - 7.313 ms
18/Mar/2019:03:54:06 +0000 - GET /css/visualize.css - 2.632 ms
18/Mar/2019:03:54:08 +0000 - GET /css/visualize.css - 4.065 ms
18/Mar/2019:03:55:00 +0000 - GET /css/visualize.css - 6.398 ms
18/Mar/2019:03:55:02 +0000 - GET /css/visualize.css - 2.531 ms
18/Mar/2019:03:55:52 +0000 - GET /css/visualize.css - 3.474 ms
18/Mar/2019:03:55:53 +0000 - GET /css/visualize.css - 2.025 ms
18/Mar/2019:03:56:24 +0000 - GET /css/visualize.css - 4.499 ms
18/Mar/2019:03:57:27 +0000 - GET /css/visualize.css - 3.109 ms
18/Mar/2019:03:57:31 +0000 - GET /css/visualize.css - 3.093 ms
18/Mar/2019:03:57:33 +0000 - GET /css/visualize.css - 1.945 ms
18/Mar/2019:03:59:01 +0000 - GET /css/visualize.css - 4.409 ms
18/Mar/2019:03:59:01 +0000 - GET /favicon.ico - 1.975 ms
18/Mar/2019:03:59:02 +0000 - GET /css/visualize.css - 1.964 ms
18/Mar/2019:04:03:02 +0000 - GET /css/visualize.css - 4.078 ms
18/Mar/2019:04:03:04 +0000 - GET /css/visualize.css - 2.747 ms
18/Mar/2019:04:03:05 +0000 - GET /css/visualize.css - 5.313 ms
18/Mar/2019:04:03:34 +0000 - GET /css/visualize.css - 2.704 ms
18/Mar/2019:04:03:35 +0000 - GET /css/visualize.css - 1.583 ms
18/Mar/2019:04:03:59 +0000 - GET /css/visualize.css - 5.309 ms
18/Mar/2019:04:04:53 +0000 - GET /css/visualize.css - 2.324 ms
18/Mar/2019:04:04:54 +0000 - GET /css/visualize.css - 1.609 ms
18/Mar/2019:04:07:35 +0000 - GET /css/visualize.css - 6.138 ms
18/Mar/2019:04:07:36 +0000 - GET /css/visualize.css - 3.055 ms
18/Mar/2019:04:12:11 +0000 - GET /css/visualize.css - 25.241 ms
18/Mar/2019:04:12:14 +0000 - GET /css/visualize.css - 5.134 ms
18/Mar/2019:04:12:29 +0000 - GET /css/visualize.css - 6.759 ms
18/Mar/2019:04:19:33 +0000 - GET /css/visualize.css - 18.322 ms
18/Mar/2019:04:19:34 +0000 - GET /css/visualize.css - 2.685 ms
18/Mar/2019:04:21:20 +0000 - GET /css/visualize.css - 21.346 ms
18/Mar/2019:04:22:06 +0000 - GET /css/visualize.css - 4.403 ms
18/Mar/2019:04:22:07 +0000 - GET /css/visualize.css - 3.352 ms
18/Mar/2019:04:23:03 +0000 - GET /css/visualize.css - 5.464 ms
18/Mar/2019:04:23:28 +0000 - GET /css/visualize.css - 4.941 ms
18/Mar/2019:04:23:29 +0000 - GET /css/visualize.css - 4.703 ms
18/Mar/2019:04:35:38 +0000 - GET /css/visualize.css - 4.230 ms
18/Mar/2019:04:35:39 +0000 - GET /css/visualize.css - 1.474 ms
18/Mar/2019:04:38:21 +0000 - GET /css/visualize.css - 3.504 ms
18/Mar/2019:04:38:22 +0000 - GET /css/visualize.css - 1.764 ms
18/Mar/2019:04:39:00 +0000 - GET /css/visualize.css - 4.210 ms
18/Mar/2019:04:39:21 +0000 - GET /css/visualize.css - 3.718 ms
18/Mar/2019:04:44:45 +0000 - GET /css/visualize.css - 3.655 ms
18/Mar/2019:04:44:46 +0000 - GET /css/visualize.css - 1.647 ms
18/Mar/2019:05:14:55 +0000 - GET /css/visualize.css - 3.760 ms
18/Mar/2019:05:15:54 +0000 - GET /css/visualize.css - 5.469 ms
18/Mar/2019:05:16:13 +0000 - GET /css/visualize.css - 2.855 ms
18/Mar/2019:05:16:14 +0000 - GET /css/visualize.css - 2.133 ms
18/Mar/2019:05:33:12 +0000 - GET /favicon.ico - 2.229 ms
18/Mar/2019:05:33:12 +0000 - GET /css/visualize.css - 2.522 ms
18/Mar/2019:05:33:32 +0000 - GET /css/visualize.css - 2.710 ms
18/Mar/2019:05:33:33 +0000 - GET /css/visualize.css - 1.865 ms
18/Mar/2019:05:40:13 +0000 - GET /css/visualize.css - 3.578 ms
18/Mar/2019:05:40:14 +0000 - GET /css/visualize.css - 2.673 ms
18/Mar/2019:05:41:54 +0000 - GET /css/visualize.css - 7.104 ms
18/Mar/2019:05:41:55 +0000 - GET /css/visualize.css - 2.454 ms
18/Mar/2019:05:43:32 +0000 - GET /css/visualize.css - 3.025 ms
18/Mar/2019:05:44:18 +0000 - GET /css/visualize.css - 4.726 ms
18/Mar/2019:07:23:08 +0000 - GET /css/visualize.css - 3.011 ms
18/Mar/2019:07:39:47 +0000 - GET /css/visualize.css - 8.776 ms
18/Mar/2019:07:39:48 +0000 - GET /favicon.ico - 4.663 ms
18/Mar/2019:07:40:11 +0000 - GET /css/visualize.css - 5.991 ms
18/Mar/2019:07:48:10 +0000 - GET /css/visualize.css - 30.073 ms
18/Mar/2019:07:49:11 +0000 - GET /css/visualize.css - 2.941 ms
18/Mar/2019:07:49:13 +0000 - GET /css/visualize.css - 1.746 ms
18/Mar/2019:07:51:44 +0000 - GET /css/visualize.css - 1.400 ms
18/Mar/2019:07:54:00 +0000 - GET /css/visualize.css - 9.195 ms
18/Mar/2019:07:59:28 +0000 - GET /css/visualize.css - 3.627 ms
18/Mar/2019:07:59:30 +0000 - GET /css/visualize.css - 1.917 ms
18/Mar/2019:08:00:21 +0000 - GET /css/visualize.css - 3.480 ms
18/Mar/2019:08:00:22 +0000 - GET /css/visualize.css - 2.057 ms
18/Mar/2019:08:09:18 +0000 - GET /css/visualize.css - 4.889 ms
18/Mar/2019:08:09:19 +0000 - GET /css/visualize.css - 2.713 ms
18/Mar/2019:08:13:56 +0000 - GET /css/visualize.css - 2.061 ms
18/Mar/2019:08:14:03 +0000 - GET /css/visualize.css - 7.723 ms
18/Mar/2019:08:18:42 +0000 - GET /css/visualize.css - 4.498 ms
18/Mar/2019:08:18:44 +0000 - GET /css/visualize.css - 1.801 ms
18/Mar/2019:08:34:43 +0000 - GET /favicon.ico - 2.415 ms
18/Mar/2019:08:36:25 +0000 - GET /css/visualize.css - 16.432 ms
18/Mar/2019:08:52:18 +0000 - GET /css/visualize.css - 41.619 ms
18/Mar/2019:08:52:18 +0000 - GET /favicon.ico - 2.773 ms
18/Mar/2019:08:53:09 +0000 - GET /css/visualize.css - 18.551 ms
18/Mar/2019:08:53:09 +0000 - GET /favicon.ico - 1.433 ms
18/Mar/2019:08:53:11 +0000 - GET /css/visualize.css - 1.718 ms
18/Mar/2019:08:58:55 +0000 - GET /css/visualize.css - 3.957 ms
18/Mar/2019:08:58:56 +0000 - GET /favicon.ico - 1.355 ms
18/Mar/2019:08:58:57 +0000 - GET /css/visualize.css - 2.613 ms
18/Mar/2019:09:24:12 +0000 - GET /css/visualize.css - 3.539 ms
18/Mar/2019:09:24:12 +0000 - GET /favicon.ico - 1.018 ms
18/Mar/2019:09:24:14 +0000 - GET /css/visualize.css - 1.324 ms
18/Mar/2019:09:24:42 +0000 - GET /css/visualize.css - 2.849 ms
18/Mar/2019:09:25:18 +0000 - GET /css/visualize.css - 2.951 ms
18/Mar/2019:09:25:37 +0000 - GET /css/visualize.css - 7.146 ms
18/Mar/2019:09:25:44 +0000 - GET /css/visualize.css - 1.755 ms
18/Mar/2019:09:26:31 +0000 - GET /css/visualize.css - 2.284 ms
18/Mar/2019:09:32:49 +0000 - GET /css/visualize.css - 4.138 ms
18/Mar/2019:09:32:50 +0000 - GET /favicon.ico - 1.301 ms
18/Mar/2019:09:32:51 +0000 - GET /css/visualize.css - 3.096 ms
18/Mar/2019:09:43:28 +0000 - GET /css/visualize.css - 2.099 ms
18/Mar/2019:09:43:30 +0000 - GET /css/visualize.css - 4.223 ms
18/Mar/2019:09:44:33 +0000 - GET /css/visualize.css - 2.620 ms
18/Mar/2019:09:44:58 +0000 - GET /css/visualize.css - 3.046 ms
18/Mar/2019:09:45:00 +0000 - GET /css/visualize.css - 3.133 ms
18/Mar/2019:09:46:16 +0000 - GET /css/visualize.css - 5.250 ms
18/Mar/2019:09:46:18 +0000 - GET /css/visualize.css - 1.867 ms
18/Mar/2019:09:47:10 +0000 - GET /css/visualize.css - 10.040 ms
18/Mar/2019:09:47:12 +0000 - GET /css/visualize.css - 1.273 ms
18/Mar/2019:09:47:52 +0000 - GET /css/visualize.css - 28.342 ms
18/Mar/2019:09:47:53 +0000 - GET /css/visualize.css - 3.501 ms
18/Mar/2019:09:48:22 +0000 - GET /css/visualize.css - 3.904 ms
18/Mar/2019:09:50:37 +0000 - GET /css/visualize.css - 2.172 ms
18/Mar/2019:09:51:19 +0000 - GET /css/visualize.css - 5.177 ms
18/Mar/2019:09:51:21 +0000 - GET /css/visualize.css - 2.058 ms
18/Mar/2019:09:53:11 +0000 - GET /css/visualize.css - 2.823 ms
18/Mar/2019:09:55:15 +0000 - GET /css/visualize.css - 2.652 ms
18/Mar/2019:09:55:15 +0000 - GET /favicon.ico - 1.335 ms
18/Mar/2019:09:55:16 +0000 - GET /css/visualize.css - 1.731 ms
18/Mar/2019:09:55:49 +0000 - GET /css/visualize.css - 2.419 ms
18/Mar/2019:09:55:49 +0000 - GET /favicon.ico - 1.602 ms
18/Mar/2019:09:56:50 +0000 - GET /css/visualize.css - 3.351 ms
18/Mar/2019:09:56:50 +0000 - GET /favicon.ico - 1.261 ms
18/Mar/2019:09:56:52 +0000 - GET /css/visualize.css - 2.357 ms
18/Mar/2019:09:57:44 +0000 - GET /css/visualize.css - 3.896 ms
18/Mar/2019:09:57:44 +0000 - GET /favicon.ico - 1.236 ms
18/Mar/2019:09:57:45 +0000 - GET /css/visualize.css - 1.864 ms
18/Mar/2019:09:59:38 +0000 - GET /css/visualize.css - 4.179 ms
18/Mar/2019:09:59:38 +0000 - GET /favicon.ico - 3.875 ms
18/Mar/2019:09:59:39 +0000 - GET /css/visualize.css - 2.004 ms
18/Mar/2019:10:06:14 +0000 - GET /favicon.ico - 3.098 ms
18/Mar/2019:10:06:57 +0000 - GET /css/visualize.css - 15.425 ms
18/Mar/2019:10:06:57 +0000 - GET /favicon.ico - 1.932 ms
18/Mar/2019:10:07:02 +0000 - GET /css/visualize.css - 1.243 ms
18/Mar/2019:10:08:15 +0000 - GET /css/visualize.css - 7.927 ms
18/Mar/2019:10:08:15 +0000 - GET /favicon.ico - 1.663 ms
18/Mar/2019:10:08:16 +0000 - GET /css/visualize.css - 2.294 ms
18/Mar/2019:10:09:06 +0000 - GET /css/visualize.css - 3.200 ms
18/Mar/2019:10:10:43 +0000 - GET /css/visualize.css - 2.491 ms
18/Mar/2019:10:11:01 +0000 - GET /css/visualize.css - 9.138 ms
18/Mar/2019:10:11:05 +0000 - GET /css/visualize.css - 3.305 ms
18/Mar/2019:10:11:07 +0000 - GET /css/visualize.css - 1.090 ms
18/Mar/2019:10:12:33 +0000 - GET /css/visualize.css - 3.007 ms
18/Mar/2019:10:12:35 +0000 - GET /css/visualize.css - 2.744 ms
18/Mar/2019:10:13:16 +0000 - GET /css/visualize.css - 2.597 ms
18/Mar/2019:10:13:18 +0000 - GET /css/visualize.css - 3.193 ms
18/Mar/2019:10:14:02 +0000 - GET /css/visualize.css - 5.478 ms
18/Mar/2019:10:14:04 +0000 - GET /css/visualize.css - 2.495 ms
18/Mar/2019:10:14:30 +0000 - GET /css/visualize.css - 3.047 ms
18/Mar/2019:10:32:53 +0000 - GET /css/visualize.css - 5.829 ms
18/Mar/2019:10:32:56 +0000 - GET /css/visualize.css - 1.814 ms
18/Mar/2019:10:36:18 +0000 - GET /css/visualize.css - 5.059 ms
18/Mar/2019:10:36:19 +0000 - GET /favicon.ico - 4.159 ms
18/Mar/2019:10:36:20 +0000 - GET /css/visualize.css - 1.781 ms
18/Mar/2019:10:38:11 +0000 - GET /css/visualize.css - 2.219 ms
18/Mar/2019:10:41:17 +0000 - GET /css/visualize.css - 22.815 ms
18/Mar/2019:10:41:18 +0000 - GET /css/visualize.css - 6.608 ms
18/Mar/2019:10:45:53 +0000 - GET /css/visualize.css - 18.908 ms
18/Mar/2019:10:45:54 +0000 - GET /css/visualize.css - 2.028 ms
18/Mar/2019:10:46:44 +0000 - GET /css/visualize.css - 5.578 ms
18/Mar/2019:10:46:45 +0000 - GET /css/visualize.css - 4.693 ms
18/Mar/2019:10:47:09 +0000 - GET /css/visualize.css - 3.005 ms
18/Mar/2019:10:48:25 +0000 - GET /css/visualize.css - 7.832 ms
18/Mar/2019:10:48:28 +0000 - GET /css/visualize.css - 4.763 ms
18/Mar/2019:10:48:40 +0000 - GET /css/visualize.css - 1.651 ms
18/Mar/2019:10:50:29 +0000 - GET /css/visualize.css - 2.080 ms
18/Mar/2019:10:50:29 +0000 - GET /favicon.ico - 2.700 ms
18/Mar/2019:10:50:33 +0000 - GET /css/visualize.css - 1.635 ms
18/Mar/2019:10:52:15 +0000 - GET /css/visualize.css - 2.473 ms
18/Mar/2019:10:52:16 +0000 - GET /favicon.ico - 0.893 ms
18/Mar/2019:10:52:17 +0000 - GET /css/visualize.css - 3.492 ms
18/Mar/2019:10:55:05 +0000 - GET /css/visualize.css - 2.979 ms
18/Mar/2019:10:55:07 +0000 - GET /css/visualize.css - 2.209 ms
18/Mar/2019:10:55:50 +0000 - GET /css/visualize.css - 3.491 ms
18/Mar/2019:10:55:51 +0000 - GET /css/visualize.css - 1.823 ms
18/Mar/2019:10:56:28 +0000 - GET /css/visualize.css - 2.945 ms
18/Mar/2019:10:56:29 +0000 - GET /css/visualize.css - 2.020 ms
18/Mar/2019:11:02:44 +0000 - GET /css/visualize.css - 3.076 ms
18/Mar/2019:11:02:45 +0000 - GET /favicon.ico - 1.548 ms
18/Mar/2019:11:02:50 +0000 - GET /css/visualize.css - 2.754 ms
18/Mar/2019:11:02:51 +0000 - GET /css/visualize.css - 2.165 ms
18/Mar/2019:11:03:18 +0000 - GET /css/visualize.css - 5.228 ms
18/Mar/2019:11:03:20 +0000 - GET /css/visualize.css - 1.610 ms
18/Mar/2019:11:06:03 +0000 - GET /css/visualize.css - 4.628 ms
18/Mar/2019:11:06:04 +0000 - GET /css/visualize.css - 2.852 ms
18/Mar/2019:11:06:46 +0000 - GET /css/visualize.css - 2.207 ms
18/Mar/2019:11:08:10 +0000 - GET /css/visualize.css - 2.147 ms
18/Mar/2019:11:09:45 +0000 - GET /css/visualize.css - 4.156 ms
18/Mar/2019:11:09:47 +0000 - GET /css/visualize.css - 2.190 ms
18/Mar/2019:11:10:22 +0000 - GET /css/visualize.css - 3.659 ms
19/Mar/2019:01:36:38 +0000 - GET /css/visualize.css - 6.371 ms
19/Mar/2019:01:37:18 +0000 - GET /css/visualize.css - 5.552 ms
19/Mar/2019:01:41:33 +0000 - GET /css/visualize.css - 2.919 ms
19/Mar/2019:01:41:35 +0000 - GET /css/visualize.css - 2.296 ms
19/Mar/2019:01:42:28 +0000 - GET /css/visualize.css - 2.244 ms
19/Mar/2019:01:44:16 +0000 - GET /css/visualize.css - 2.474 ms
19/Mar/2019:01:44:33 +0000 - GET /css/visualize.css - 2.244 ms
19/Mar/2019:01:44:43 +0000 - GET /css/visualize.css - 1.314 ms
19/Mar/2019:01:44:51 +0000 - GET /css/visualize.css - 3.284 ms
19/Mar/2019:01:46:14 +0000 - GET /css/visualize.css - 1.699 ms
19/Mar/2019:01:46:36 +0000 - GET /css/visualize.css - 1.083 ms
19/Mar/2019:01:47:07 +0000 - GET /css/visualize.css - 3.833 ms
19/Mar/2019:01:47:23 +0000 - GET /css/visualize.css - 2.605 ms
19/Mar/2019:01:53:27 +0000 - GET /css/visualize.css - 2.879 ms
19/Mar/2019:01:53:29 +0000 - GET /css/visualize.css - 2.408 ms
19/Mar/2019:01:54:46 +0000 - GET /css/visualize.css - 6.229 ms
19/Mar/2019:01:54:48 +0000 - GET /css/visualize.css - 1.660 ms
19/Mar/2019:02:04:01 +0000 - GET /css/visualize.css - 3.052 ms
19/Mar/2019:02:04:56 +0000 - GET /css/visualize.css - 2.356 ms
19/Mar/2019:02:05:14 +0000 - GET /css/visualize.css - 2.464 ms
19/Mar/2019:02:05:15 +0000 - GET /css/visualize.css - 1.723 ms
19/Mar/2019:02:05:51 +0000 - GET /css/visualize.css - 2.955 ms
19/Mar/2019:02:06:01 +0000 - GET /css/visualize.css - 2.865 ms
19/Mar/2019:02:06:10 +0000 - GET /css/visualize.css - 3.305 ms
19/Mar/2019:02:10:37 +0000 - GET /css/visualize.css - 2.179 ms
19/Mar/2019:02:10:38 +0000 - GET /css/visualize.css - 2.877 ms
19/Mar/2019:02:12:49 +0000 - GET /css/visualize.css - 4.686 ms
19/Mar/2019:02:12:50 +0000 - GET /css/visualize.css - 1.726 ms
19/Mar/2019:02:16:48 +0000 - GET /css/visualize.css - 5.633 ms
19/Mar/2019:02:16:50 +0000 - GET /css/visualize.css - 1.593 ms
19/Mar/2019:02:20:01 +0000 - GET /css/visualize.css - 10.097 ms
19/Mar/2019:02:20:02 +0000 - GET /css/visualize.css - 1.996 ms
19/Mar/2019:02:21:33 +0000 - GET /css/visualize.css - 4.398 ms
19/Mar/2019:02:24:20 +0000 - GET /css/visualize.css - 44.989 ms
19/Mar/2019:02:24:20 +0000 - GET /favicon.ico - 1.505 ms
19/Mar/2019:02:24:22 +0000 - GET /css/visualize.css - 1.724 ms
19/Mar/2019:02:25:20 +0000 - GET /css/visualize.css - 2.177 ms
19/Mar/2019:02:25:26 +0000 - GET /css/visualize.css - 2.237 ms
19/Mar/2019:02:25:27 +0000 - GET /css/visualize.css - 1.495 ms
19/Mar/2019:02:27:43 +0000 - GET /css/visualize.css - 7.423 ms
19/Mar/2019:02:27:44 +0000 - GET /css/visualize.css - 1.809 ms
19/Mar/2019:02:28:15 +0000 - GET /css/visualize.css - 3.090 ms
19/Mar/2019:02:28:16 +0000 - GET /css/visualize.css - 1.984 ms
19/Mar/2019:02:30:25 +0000 - GET /css/visualize.css - 2.462 ms
19/Mar/2019:02:30:26 +0000 - GET /css/visualize.css - 2.061 ms
19/Mar/2019:02:31:20 +0000 - GET /css/visualize.css - 2.877 ms
19/Mar/2019:02:32:35 +0000 - GET /css/visualize.css - 2.000 ms
19/Mar/2019:02:33:29 +0000 - GET /css/visualize.css - 4.096 ms
19/Mar/2019:02:33:30 +0000 - GET /css/visualize.css - 1.593 ms
19/Mar/2019:02:35:54 +0000 - GET /css/visualize.css - 2.662 ms
19/Mar/2019:02:36:27 +0000 - GET /css/visualize.css - 2.383 ms
19/Mar/2019:02:37:38 +0000 - GET /css/visualize.css - 3.760 ms
19/Mar/2019:02:37:53 +0000 - GET /css/visualize.css - 2.040 ms
19/Mar/2019:02:38:05 +0000 - GET /css/visualize.css - 2.789 ms
19/Mar/2019:02:38:14 +0000 - GET /css/visualize.css - 2.026 ms
19/Mar/2019:02:39:17 +0000 - GET /css/visualize.css - 2.031 ms
19/Mar/2019:02:39:24 +0000 - GET /css/visualize.css - 2.812 ms
19/Mar/2019:02:39:43 +0000 - GET /css/visualize.css - 2.604 ms
19/Mar/2019:03:00:00 +0000 - GET /css/visualize.css - 4.283 ms
19/Mar/2019:03:00:44 +0000 - GET /css/visualize.css - 5.945 ms
19/Mar/2019:03:00:44 +0000 - GET /favicon.ico - 2.628 ms
19/Mar/2019:03:00:45 +0000 - GET /css/visualize.css - 1.735 ms
19/Mar/2019:03:03:59 +0000 - GET /css/visualize.css - 3.351 ms
19/Mar/2019:03:05:17 +0000 - GET /css/visualize.css - 5.814 ms
19/Mar/2019:03:05:17 +0000 - GET /favicon.ico - 1.078 ms
19/Mar/2019:03:05:18 +0000 - GET /css/visualize.css - 1.525 ms
19/Mar/2019:03:52:00 +0000 - GET /css/visualize.css - 1.817 ms
19/Mar/2019:03:52:00 +0000 - GET /favicon.ico - 1.600 ms
19/Mar/2019:03:53:15 +0000 - GET /css/visualize.css - 7.775 ms
19/Mar/2019:03:53:46 +0000 - GET /css/visualize.css - 4.390 ms
19/Mar/2019:03:53:47 +0000 - GET /css/visualize.css - 1.967 ms
19/Mar/2019:03:54:32 +0000 - GET /css/visualize.css - 3.173 ms
19/Mar/2019:03:54:33 +0000 - GET /css/visualize.css - 1.711 ms
19/Mar/2019:03:59:19 +0000 - GET /css/visualize.css - 5.001 ms
19/Mar/2019:03:59:20 +0000 - GET /css/visualize.css - 2.074 ms
19/Mar/2019:08:07:43 +0000 - GET /css/visualize.css - 5.395 ms
19/Mar/2019:08:07:44 +0000 - GET /favicon.ico - 3.278 ms
19/Mar/2019:08:08:04 +0000 - GET /css/visualize.css - 2.781 ms
19/Mar/2019:08:10:42 +0000 - GET /css/visualize.css - 3.510 ms
19/Mar/2019:08:10:42 +0000 - GET /favicon.ico - 1.287 ms
19/Mar/2019:08:10:43 +0000 - GET /css/visualize.css - 1.930 ms
19/Mar/2019:08:26:23 +0000 - GET /css/visualize.css - 2.843 ms
19/Mar/2019:08:26:23 +0000 - GET /favicon.ico - 2.211 ms
19/Mar/2019:08:26:50 +0000 - GET /css/visualize.css - 3.750 ms
19/Mar/2019:08:28:03 +0000 - GET /css/visualize.css - 2.245 ms
19/Mar/2019:08:29:54 +0000 - GET /css/visualize.css - 3.707 ms
19/Mar/2019:08:29:55 +0000 - GET /css/visualize.css - 1.757 ms
19/Mar/2019:09:01:31 +0000 - GET /css/visualize.css - 8.539 ms
19/Mar/2019:09:01:31 +0000 - GET /favicon.ico - 1.195 ms
19/Mar/2019:09:01:33 +0000 - GET /css/visualize.css - 1.723 ms
19/Mar/2019:09:03:29 +0000 - GET /css/visualize.css - 8.414 ms
19/Mar/2019:09:08:14 +0000 - GET /css/visualize.css - 5.796 ms
19/Mar/2019:09:08:16 +0000 - GET /css/visualize.css - 2.626 ms
19/Mar/2019:09:14:47 +0000 - GET /css/visualize.css - 2.953 ms
19/Mar/2019:09:14:48 +0000 - GET /css/visualize.css - 2.829 ms
19/Mar/2019:09:18:24 +0000 - GET /css/visualize.css - 4.416 ms
19/Mar/2019:09:18:26 +0000 - GET /css/visualize.css - 1.384 ms
19/Mar/2019:09:19:46 +0000 - GET /css/visualize.css - 5.037 ms
19/Mar/2019:09:19:47 +0000 - GET /css/visualize.css - 1.545 ms
19/Mar/2019:09:21:27 +0000 - GET /css/visualize.css - 3.530 ms
19/Mar/2019:09:21:28 +0000 - GET /css/visualize.css - 3.494 ms
19/Mar/2019:09:24:53 +0000 - GET /css/visualize.css - 2.592 ms
19/Mar/2019:09:24:54 +0000 - GET /css/visualize.css - 0.977 ms
19/Mar/2019:09:25:52 +0000 - GET /css/visualize.css - 2.891 ms
19/Mar/2019:09:28:39 +0000 - GET /css/visualize.css - 4.178 ms
19/Mar/2019:09:28:57 +0000 - GET /css/visualize.css - 5.288 ms
19/Mar/2019:09:29:40 +0000 - GET /css/visualize.css - 2.369 ms
19/Mar/2019:09:31:06 +0000 - GET /css/visualize.css - 17.198 ms
19/Mar/2019:09:31:07 +0000 - GET /css/visualize.css - 2.349 ms
19/Mar/2019:09:32:48 +0000 - GET /css/visualize.css - 9.853 ms
19/Mar/2019:09:39:14 +0000 - GET /css/visualize.css - 2.195 ms
19/Mar/2019:09:42:56 +0000 - GET /css/visualize.css - 3.905 ms
19/Mar/2019:09:42:58 +0000 - GET /css/visualize.css - 1.453 ms
20/Mar/2019:03:33:11 +0000 - GET /css/visualize.css - 2.950 ms
20/Mar/2019:03:33:11 +0000 - GET /favicon.ico - 1.391 ms
20/Mar/2019:03:33:13 +0000 - GET /css/visualize.css - 1.161 ms
20/Mar/2019:08:24:33 +0000 - GET /css/visualize.css - 4.140 ms
20/Mar/2019:08:24:33 +0000 - GET /favicon.ico - 2.008 ms
20/Mar/2019:08:24:35 +0000 - GET /css/visualize.css - 1.709 ms
20/Mar/2019:08:30:27 +0000 - GET /css/visualize.css - 2.237 ms
20/Mar/2019:08:30:29 +0000 - GET /css/visualize.css - 2.038 ms
20/Mar/2019:09:54:25 +0000 - GET /css/visualize.css - 3.961 ms
20/Mar/2019:09:54:25 +0000 - GET /favicon.ico - 1.780 ms
20/Mar/2019:09:54:27 +0000 - GET /css/visualize.css - 1.668 ms
20/Mar/2019:09:56:54 +0000 - GET /css/visualize.css - 5.692 ms
20/Mar/2019:10:01:47 +0000 - GET /css/visualize.css - 2.987 ms
20/Mar/2019:10:09:09 +0000 - GET /css/visualize.css - 3.922 ms
20/Mar/2019:10:11:03 +0000 - GET /css/visualize.css - 4.487 ms
20/Mar/2019:10:11:05 +0000 - GET /css/visualize.css - 4.366 ms
20/Mar/2019:10:11:53 +0000 - GET /css/visualize.css - 8.255 ms
20/Mar/2019:10:16:25 +0000 - GET /css/visualize.css - 5.669 ms
20/Mar/2019:10:19:15 +0000 - GET /css/visualize.css - 30.769 ms
20/Mar/2019:10:19:17 +0000 - GET /css/visualize.css - 1.951 ms
20/Mar/2019:10:24:36 +0000 - GET /css/visualize.css - 4.314 ms
20/Mar/2019:10:24:38 +0000 - GET /css/visualize.css - 9.308 ms
20/Mar/2019:10:24:54 +0000 - GET /css/visualize.css - 1.271 ms
20/Mar/2019:10:24:56 +0000 - GET /css/visualize.css - 1.591 ms
20/Mar/2019:10:25:31 +0000 - GET /css/visualize.css - 4.248 ms
20/Mar/2019:10:25:32 +0000 - GET /css/visualize.css - 1.676 ms
20/Mar/2019:10:26:17 +0000 - GET /css/visualize.css - 3.813 ms
20/Mar/2019:10:27:22 +0000 - GET /css/visualize.css - 3.292 ms
20/Mar/2019:10:27:23 +0000 - GET /css/visualize.css - 1.020 ms
20/Mar/2019:10:27:34 +0000 - GET /css/visualize.css - 3.853 ms
20/Mar/2019:10:27:35 +0000 - GET /css/visualize.css - 1.653 ms
20/Mar/2019:10:27:43 +0000 - GET /css/visualize.css - 3.478 ms
20/Mar/2019:10:27:44 +0000 - GET /css/visualize.css - 1.990 ms
20/Mar/2019:10:27:54 +0000 - GET /css/visualize.css - 3.549 ms
20/Mar/2019:10:27:55 +0000 - GET /css/visualize.css - 1.643 ms
20/Mar/2019:10:30:50 +0000 - GET /css/visualize.css - 4.756 ms
20/Mar/2019:10:30:53 +0000 - GET /css/visualize.css - 1.488 ms
20/Mar/2019:10:47:09 +0000 - GET /css/visualize.css - 2.689 ms
20/Mar/2019:10:47:14 +0000 - GET /css/visualize.css - 3.617 ms
20/Mar/2019:11:34:04 +0000 - GET /favicon.ico - 4.539 ms
20/Mar/2019:11:34:08 +0000 - GET /css/visualize.css - 2.238 ms
20/Mar/2019:11:37:31 +0000 - GET /css/visualize.css - 4.893 ms
20/Mar/2019:11:37:36 +0000 - GET /css/visualize.css - 1.768 ms
20/Mar/2019:11:38:31 +0000 - GET /css/visualize.css - 2.420 ms
20/Mar/2019:11:52:52 +0000 - GET /css/visualize.css - 2.193 ms
20/Mar/2019:11:53:28 +0000 - GET /css/visualize.css - 4.119 ms
20/Mar/2019:11:54:00 +0000 - GET /css/visualize.css - 4.940 ms
20/Mar/2019:11:54:05 +0000 - GET /css/visualize.css - 0.911 ms
20/Mar/2019:12:00:45 +0000 - GET /css/visualize.css - 21.243 ms
21/Mar/2019:02:10:24 +0000 - GET /css/visualize.css - 4.511 ms
21/Mar/2019:02:10:24 +0000 - GET /favicon.ico - 1.799 ms
21/Mar/2019:02:10:29 +0000 - GET /css/visualize.css - 1.956 ms
21/Mar/2019:03:53:32 +0000 - GET /css/visualize.css - 3.167 ms
21/Mar/2019:03:53:33 +0000 - GET /favicon.ico - 2.923 ms
21/Mar/2019:03:53:39 +0000 - GET /css/visualize.css - 1.233 ms
21/Mar/2019:03:56:07 +0000 - GET /css/visualize.css - 4.672 ms
21/Mar/2019:03:56:10 +0000 - GET /css/visualize.css - 1.920 ms
21/Mar/2019:03:56:58 +0000 - GET /css/visualize.css - 5.507 ms
21/Mar/2019:04:00:47 +0000 - GET /css/visualize.css - 7.147 ms
21/Mar/2019:04:03:37 +0000 - GET /css/visualize.css - 5.377 ms
21/Mar/2019:04:03:37 +0000 - GET /favicon.ico - 1.424 ms
21/Mar/2019:04:04:21 +0000 - GET /css/visualize.css - 4.238 ms
21/Mar/2019:04:04:21 +0000 - GET /favicon.ico - 2.076 ms
21/Mar/2019:04:06:55 +0000 - GET /css/visualize.css - 2.759 ms
21/Mar/2019:04:11:40 +0000 - GET /css/visualize.css - 14.257 ms
21/Mar/2019:04:11:59 +0000 - GET /css/visualize.css - 6.666 ms
21/Mar/2019:04:12:32 +0000 - GET /css/visualize.css - 3.057 ms
21/Mar/2019:04:13:01 +0000 - GET /css/visualize.css - 3.211 ms
21/Mar/2019:04:14:59 +0000 - GET /css/visualize.css - 6.117 ms
21/Mar/2019:04:15:17 +0000 - GET /css/visualize.css - 2.426 ms
21/Mar/2019:04:16:04 +0000 - GET /css/visualize.css - 3.544 ms
21/Mar/2019:04:17:15 +0000 - GET /css/visualize.css - 10.718 ms
21/Mar/2019:04:17:17 +0000 - GET /css/visualize.css - 2.086 ms
21/Mar/2019:04:17:33 +0000 - GET /css/visualize.css - 2.234 ms
21/Mar/2019:04:17:35 +0000 - GET /css/visualize.css - 2.379 ms
21/Mar/2019:04:21:31 +0000 - GET /css/visualize.css - 12.931 ms
21/Mar/2019:04:21:34 +0000 - GET /css/visualize.css - 2.430 ms
22/Mar/2019:11:15:14 +0000 - GET /css/visualize.css - 7.697 ms
22/Mar/2019:11:15:14 +0000 - GET /favicon.ico - 1.589 ms
22/Mar/2019:11:15:18 +0000 - GET /css/visualize.css - 6.149 ms
22/Mar/2019:11:26:48 +0000 - GET /css/visualize.css - 7.855 ms
22/Mar/2019:11:26:50 +0000 - GET /css/visualize.css - 3.597 ms
22/Mar/2019:11:27:18 +0000 - GET /css/visualize.css - 2.722 ms
22/Mar/2019:11:27:19 +0000 - GET /css/visualize.css - 2.136 ms
22/Mar/2019:11:32:31 +0000 - GET /css/visualize.css - 3.749 ms
22/Mar/2019:11:32:31 +0000 - GET /favicon.ico - 3.929 ms
22/Mar/2019:11:32:32 +0000 - GET /css/visualize.css - 1.635 ms
22/Mar/2019:11:37:46 +0000 - GET /css/visualize.css - 4.295 ms
22/Mar/2019:11:37:47 +0000 - GET /favicon.ico - 1.004 ms
22/Mar/2019:11:37:49 +0000 - GET /css/visualize.css - 1.845 ms
22/Mar/2019:11:38:08 +0000 - GET /css/visualize.css - 3.564 ms
22/Mar/2019:11:38:11 +0000 - GET /css/visualize.css - 1.619 ms
22/Mar/2019:11:38:15 +0000 - GET /css/visualize.css - 1.938 ms
22/Mar/2019:11:38:51 +0000 - GET /css/visualize.css - 2.853 ms
22/Mar/2019:11:38:52 +0000 - GET /favicon.ico - 1.257 ms
22/Mar/2019:11:38:53 +0000 - GET /css/visualize.css - 2.654 ms
22/Mar/2019:11:39:50 +0000 - GET /css/visualize.css - 6.225 ms
22/Mar/2019:11:39:51 +0000 - GET /css/visualize.css - 2.126 ms
22/Mar/2019:11:39:54 +0000 - GET /css/visualize.css - 1.501 ms
22/Mar/2019:11:40:04 +0000 - GET /css/visualize.css - 1.531 ms
22/Mar/2019:11:40:09 +0000 - GET /css/visualize.css - 1.957 ms
22/Mar/2019:11:40:19 +0000 - GET /css/visualize.css - 3.351 ms
22/Mar/2019:11:40:22 +0000 - GET /css/visualize.css - 1.884 ms
22/Mar/2019:11:41:05 +0000 - GET /css/visualize.css - 4.237 ms
22/Mar/2019:11:41:07 +0000 - GET /css/visualize.css - 2.021 ms
22/Mar/2019:11:43:35 +0000 - GET /css/visualize.css - 6.411 ms
22/Mar/2019:11:44:56 +0000 - GET /css/visualize.css - 3.856 ms
22/Mar/2019:11:46:34 +0000 - GET /css/visualize.css - 7.027 ms
22/Mar/2019:11:46:36 +0000 - GET /css/visualize.css - 3.002 ms
22/Mar/2019:11:46:53 +0000 - GET /css/visualize.css - 6.180 ms
22/Mar/2019:11:46:55 +0000 - GET /css/visualize.css - 2.087 ms
22/Mar/2019:11:47:14 +0000 - GET /css/visualize.css - 3.283 ms
22/Mar/2019:11:47:16 +0000 - GET /css/visualize.css - 3.481 ms
22/Mar/2019:11:49:34 +0000 - GET /css/visualize.css - 6.524 ms
22/Mar/2019:11:49:35 +0000 - GET /css/visualize.css - 7.679 ms
22/Mar/2019:11:52:14 +0000 - GET /css/visualize.css - 4.392 ms
22/Mar/2019:11:52:16 +0000 - GET /css/visualize.css - 3.507 ms
22/Mar/2019:11:54:38 +0000 - GET /css/visualize.css - 6.169 ms
22/Mar/2019:11:54:40 +0000 - GET /css/visualize.css - 1.236 ms
22/Mar/2019:11:55:41 +0000 - GET /css/visualize.css - 4.817 ms
22/Mar/2019:11:55:43 +0000 - GET /css/visualize.css - 1.315 ms
22/Mar/2019:11:56:37 +0000 - GET /css/visualize.css - 4.293 ms
22/Mar/2019:11:56:39 +0000 - GET /css/visualize.css - 2.160 ms
22/Mar/2019:11:57:01 +0000 - GET /css/visualize.css - 2.666 ms
22/Mar/2019:11:57:02 +0000 - GET /css/visualize.css - 1.894 ms
22/Mar/2019:11:57:22 +0000 - GET /css/visualize.css - 2.065 ms
22/Mar/2019:11:57:23 +0000 - GET /css/visualize.css - 1.482 ms
22/Mar/2019:11:58:28 +0000 - GET /css/visualize.css - 3.009 ms
22/Mar/2019:11:58:30 +0000 - GET /css/visualize.css - 1.034 ms
22/Mar/2019:11:59:11 +0000 - GET /css/visualize.css - 7.192 ms
22/Mar/2019:11:59:13 +0000 - GET /css/visualize.css - 1.833 ms
22/Mar/2019:12:00:17 +0000 - GET /css/visualize.css - 4.716 ms
22/Mar/2019:12:00:18 +0000 - GET /css/visualize.css - 1.423 ms
22/Mar/2019:12:00:40 +0000 - GET /css/visualize.css - 5.795 ms
22/Mar/2019:12:00:42 +0000 - GET /css/visualize.css - 4.220 ms
22/Mar/2019:12:01:06 +0000 - GET /css/visualize.css - 4.999 ms
22/Mar/2019:12:01:08 +0000 - GET /css/visualize.css - 2.457 ms
23/Mar/2019:02:38:48 +0000 - GET /css/visualize.css - 2.033 ms
23/Mar/2019:02:38:48 +0000 - GET /favicon.ico - 12.257 ms
23/Mar/2019:02:38:52 +0000 - GET /css/visualize.css - 0.813 ms
23/Mar/2019:02:44:45 +0000 - GET /css/visualize.css - 1.282 ms
23/Mar/2019:02:44:45 +0000 - GET /favicon.ico - 1.139 ms
23/Mar/2019:02:45:07 +0000 - GET /css/visualize.css - 1.580 ms
23/Mar/2019:04:08:21 +0000 - GET /apple-touch-icon-precomposed.png - 4.005 ms
23/Mar/2019:04:08:21 +0000 - GET /apple-touch-icon.png - 1.591 ms
23/Mar/2019:04:08:21 +0000 - GET /favicon.ico - 0.914 ms
23/Mar/2019:04:08:21 +0000 - GET /apple-touch-icon-precomposed.png - 0.857 ms
23/Mar/2019:04:08:21 +0000 - GET /apple-touch-icon.png - 2.641 ms
23/Mar/2019:04:08:21 +0000 - GET /favicon.ico - 0.894 ms
23/Mar/2019:04:08:21 +0000 - GET /apple-touch-icon-precomposed.png - 0.863 ms
23/Mar/2019:04:08:21 +0000 - GET /apple-touch-icon.png - 0.849 ms
23/Mar/2019:04:08:21 +0000 - GET /favicon.ico - 0.705 ms
23/Mar/2019:04:08:21 +0000 - GET /apple-touch-icon-precomposed.png - 0.803 ms
23/Mar/2019:04:08:21 +0000 - GET /apple-touch-icon.png - 0.801 ms
23/Mar/2019:04:08:21 +0000 - GET /favicon.ico - 0.914 ms
23/Mar/2019:04:08:21 +0000 - GET /apple-touch-icon-precomposed.png - 0.644 ms
23/Mar/2019:04:08:21 +0000 - GET /apple-touch-icon.png - 0.566 ms
23/Mar/2019:06:42:44 +0000 - GET /favicon.ico - 7.425 ms
24/Mar/2019:02:22:34 +0000 - GET /favicon.ico - 10.470 ms
24/Mar/2019:03:53:57 +0000 - GET /img/recipe.png - 3.358 ms
24/Mar/2019:03:53:57 +0000 - GET /img/recipe.png - 1.456 ms
24/Mar/2019:08:29:25 +0000 - GET /img/reviews.png - 4.601 ms
24/Mar/2019:08:29:25 +0000 - GET /img/recipe.png - 1.135 ms
24/Mar/2019:08:29:30 +0000 - GET /img/reviews.png - 1.482 ms
24/Mar/2019:08:29:30 +0000 - GET /img/recipe.png - 6.156 ms
24/Mar/2019:08:29:42 +0000 - GET /images/loading.gif - 1.145 ms
24/Mar/2019:08:29:48 +0000 - GET /images/loading.gif - 1.579 ms
24/Mar/2019:08:29:51 +0000 - GET /img/recipe.png - 0.901 ms
24/Mar/2019:08:29:51 +0000 - GET /img/reviews.png - 0.586 ms
24/Mar/2019:08:29:55 +0000 - GET /img/recipe.png - 1.044 ms
24/Mar/2019:13:27:33 +0000 - GET /images/loading.gif - 33.386 ms
27/Mar/2019:04:11:24 +0000 - GET /apple-touch-icon-precomposed.png - 12.198 ms
27/Mar/2019:04:11:24 +0000 - GET /apple-touch-icon.png - 2.080 ms
06/Apr/2019:05:20:20 +0000 - GET /favicon.ico - 12.413 ms
07/Apr/2019:04:07:14 +0000 - GET /images/loading.gif - 5.400 ms
07/Apr/2019:04:07:14 +0000 - GET /images/loading.gif - 2.333 ms
07/Apr/2019:04:07:15 +0000 - GET /favicon.ico - 1.398 ms
07/Apr/2019:04:07:16 +0000 - GET /favicon.ico - 0.822 ms
07/Apr/2019:05:45:13 +0000 - GET /favicon.ico - 3.663 ms
07/Apr/2019:05:45:13 +0000 - GET /images/loading.gif - 1.544 ms
07/Apr/2019:05:45:13 +0000 - GET /images/loading.gif - 1.640 ms
07/Apr/2019:05:45:13 +0000 - GET /favicon.ico - 6.401 ms
07/Apr/2019:05:45:13 +0000 - GET /images/loading.gif - 1.163 ms
07/Apr/2019:05:46:12 +0000 - GET /favicon.ico - 6.169 ms
08/Apr/2019:06:53:35 +0000 - GET /images/loading.gif - 4.195 ms
11/Apr/2019:07:35:05 +0000 - GET /images/loading.gif - 1.353 ms
11/Apr/2019:07:35:06 +0000 - GET /images/loading.gif - 0.458 ms
11/Apr/2019:07:35:06 +0000 - GET /favicon.ico - 0.517 ms
11/Apr/2019:07:35:14 +0000 - GET /favicon.ico - 0.369 ms
11/Apr/2019:07:35:57 +0000 - GET /favicon.ico - 0.330 ms
11/Apr/2019:07:39:12 +0000 - GET /images/loading.gif - 0.407 ms
11/Apr/2019:07:39:12 +0000 - GET /images/loading.gif - 0.392 ms
11/Apr/2019:07:39:12 +0000 - GET /favicon.ico - 0.356 ms
11/Apr/2019:07:39:54 +0000 - GET /favicon.ico - 0.627 ms
11/Apr/2019:07:45:35 +0000 - GET /images/loading.gif - 1.311 ms
11/Apr/2019:07:45:35 +0000 - GET /images/loading.gif - 0.724 ms
11/Apr/2019:07:46:50 +0000 - GET /images/loading.gif - 0.796 ms
11/Apr/2019:07:46:50 +0000 - GET /images/loading.gif - 0.453 ms
11/Apr/2019:07:46:55 +0000 - GET /public/ - 0.797 ms
11/Apr/2019:07:47:02 +0000 - GET /images/loading.gif - 0.435 ms
11/Apr/2019:07:48:58 +0000 - GET /images/loading.gif - 0.406 ms
11/Apr/2019:07:48:58 +0000 - GET /images/loading.gif - 0.310 ms
11/Apr/2019:07:50:01 +0000 - GET /public/ - 0.375 ms
11/Apr/2019:07:50:53 +0000 - GET /images/loading.gif - 1.020 ms
11/Apr/2019:07:50:53 +0000 - GET /images/loading.gif - 0.681 ms
11/Apr/2019:07:51:15 +0000 - GET /public/css/bootstrap.min.css - 0.880 ms
11/Apr/2019:07:51:15 +0000 - GET /public/css/style.css - 0.844 ms
11/Apr/2019:08:05:45 +0000 - GET /images/loading.gif - 1.358 ms
11/Apr/2019:08:05:45 +0000 - GET /images/loading.gif - 0.580 ms
11/Apr/2019:08:06:06 +0000 - GET /public/css/bootstrap.min.css - 1.439 ms
11/Apr/2019:08:06:06 +0000 - GET /public/css/style.css - 0.667 ms
11/Apr/2019:08:06:39 +0000 - GET /js/ - 1.222 ms
11/Apr/2019:08:08:36 +0000 - GET /images/loading.gif - 0.649 ms
11/Apr/2019:08:08:36 +0000 - GET /images/loading.gif - 0.395 ms
11/Apr/2019:08:09:45 +0000 - GET /images/loading.gif - 0.386 ms
11/Apr/2019:08:09:45 +0000 - GET /images/loading.gif - 0.335 ms
11/Apr/2019:08:35:33 +0000 - GET /images/loading.gif - 1.246 ms
11/Apr/2019:08:35:33 +0000 - GET /images/loading.gif - 0.681 ms
11/Apr/2019:09:25:30 +0000 - GET /images/loading.gif - 1.363 ms
11/Apr/2019:09:25:31 +0000 - GET /images/loading.gif - 0.593 ms
11/Apr/2019:09:27:47 +0000 - GET /images/loading.gif - 1.088 ms
11/Apr/2019:09:27:47 +0000 - GET /images/loading.gif - 0.489 ms
11/Apr/2019:09:27:56 +0000 - POST /kento/ex-gen-app/wordcloud2 - 0.356 ms
11/Apr/2019:09:28:48 +0000 - GET /images/loading.gif - 0.916 ms
11/Apr/2019:09:28:48 +0000 - GET /images/loading.gif - 0.539 ms
11/Apr/2019:09:29:34 +0000 - GET /images/loading.gif - 1.093 ms
11/Apr/2019:09:29:34 +0000 - GET /images/loading.gif - 0.725 ms
11/Apr/2019:09:29:56 +0000 - GET /public/js/d3.layout.cloud.js - 0.977 ms
11/Apr/2019:09:29:56 +0000 - GET /public/js/bootstrap.min.js - 0.869 ms
11/Apr/2019:09:29:56 +0000 - GET /public/js/hello.js - 0.746 ms
11/Apr/2019:09:29:56 +0000 - GET /public/css/bootstrap.min.css - 0.451 ms
11/Apr/2019:09:29:56 +0000 - GET /public/css/style.css - 0.439 ms
11/Apr/2019:09:29:57 +0000 - GET /public/js/d3.layout.cloud.js - 0.364 ms
11/Apr/2019:09:29:57 +0000 - GET /public/js/bootstrap.min.js - 0.471 ms
11/Apr/2019:09:29:57 +0000 - GET /public/js/hello.js - 0.375 ms
11/Apr/2019:09:33:29 +0000 - GET /images/loading.gif - 0.883 ms
11/Apr/2019:09:33:29 +0000 - GET /images/loading.gif - 0.713 ms
11/Apr/2019:09:35:44 +0000 - GET /images/loading.gif - 1.135 ms
11/Apr/2019:09:35:44 +0000 - GET /images/loading.gif - 0.659 ms
11/Apr/2019:09:37:23 +0000 - GET /kento/ex-gen-app/img/loading.gif - 1.004 ms
11/Apr/2019:09:37:23 +0000 - GET /kento/ex-gen-app/img/loading.gif - 0.517 ms
11/Apr/2019:09:37:46 +0000 - GET /kento/ex-gen-app/img/loading.gif - 0.716 ms
11/Apr/2019:09:37:46 +0000 - GET /kento/ex-gen-app/img/loading.gif - 0.454 ms
12/Apr/2019:05:08:58 +0000 - GET /ex-gen-app/img/loading.gif - 0.978 ms
12/Apr/2019:05:08:59 +0000 - GET /ex-gen-app/img/loading.gif - 0.502 ms
12/Apr/2019:07:11:09 +0000 - GET /%C2%A5 - 5.549 ms
22/Apr/2019:05:25:19 +0000 - GET /favicon.ico - 0.966 ms
22/Apr/2019:05:25:44 +0000 - POST /ex-gen-app/wordcloud2 - 0.665 ms
24/Apr/2019:05:49:56 +0000 - GET /favicon.ico - 1.162 ms
24/Apr/2019:05:50:02 +0000 - POST /ex-gen-app/wordcloud2 - 0.951 ms
25/Apr/2019:09:01:55 +0000 - GET /favicon.ico - 1.122 ms
26/Apr/2019:02:33:22 +0000 - GET /favicon.ico - 1.076 ms
17/May/2019:02:00:22 +0000 - GET /favicon.ico - 1.522 ms
23/May/2019:08:00:48 +0000 - GET /favicon.ico - 1.180 ms
23/May/2019:08:01:39 +0000 - POST /ex-gen-app/wordcloud2 - 6.298 ms
23/May/2019:08:02:00 +0000 - GET /:3000 - 0.725 ms
28/May/2019:01:56:13 +0000 - POST /ex-gen-app/wordcloud2 - 12.401 ms
28/May/2019:03:03:03 +0000 - GET /:3000 - 4.252 ms
09/Jul/2019:02:11:40 +0000 - GET /wordcloud - 2.263 ms
19/Aug/2019:02:20:32 +0000 - GET /js/popper.min.js.map - 0.727 ms
19/Aug/2019:06:25:05 +0000 - GET /js/popper.min.js.map - 0.860 ms
19/Aug/2019:06:26:01 +0000 - GET /js/popper.min.js.map - 0.825 ms
19/Aug/2019:06:26:52 +0000 - GET /js/popper.min.js.map - 0.635 ms
19/Aug/2019:06:28:03 +0000 - GET /js/popper.min.js.map - 0.888 ms
19/Aug/2019:06:30:22 +0000 - GET /js/popper.min.js.map - 0.696 ms
27/Aug/2019:05:24:58 +0000 - GET /js/popper.min.js.map - 0.725 ms
27/Aug/2019:05:46:33 +0000 - GET /js/popper.min.js.map - 0.627 ms
27/Aug/2019:05:47:22 +0000 - GET /js/popper.min.js.map - 0.487 ms
27/Aug/2019:05:47:52 +0000 - GET /js/popper.min.js.map - 0.716 ms
27/Aug/2019:06:22:17 +0000 - GET /js/popper.min.js.map - 0.518 ms
27/Aug/2019:06:22:49 +0000 - GET /js/popper.min.js.map - 0.476 ms
27/Aug/2019:07:05:14 +0000 - GET /js/popper.min.js.map - 0.672 ms
27/Aug/2019:07:18:07 +0000 - GET /js/popper.min.js.map - 0.671 ms
27/Aug/2019:07:23:09 +0000 - GET /js/popper.min.js.map - 0.996 ms
27/Aug/2019:07:30:11 +0000 - GET /favicon.ico - 0.962 ms
27/Aug/2019:07:53:09 +0000 - GET /js/popper.min.js.map - 1.004 ms
03/Sep/2019:04:10:05 +0000 - GET /js/popper.min.js.map - 0.753 ms
04/Sep/2019:06:12:30 +0000 - GET /js/popper.min.js.map - 1.807 ms
08/Sep/2019:02:10:42 +0000 - GET /js/popper.min.js.map - 0.740 ms
09/Sep/2019:02:13:28 +0000 - GET /js/popper.min.js.map - 0.780 ms
09/Sep/2019:02:22:34 +0000 - GET /js/popper.min.js.map - 0.624 ms
09/Sep/2019:02:24:26 +0000 - GET /js/popper.min.js.map - 0.667 ms
09/Sep/2019:02:26:54 +0000 - GET /js/popper.min.js.map - 1.032 ms
09/Sep/2019:02:29:22 +0000 - GET /js/popper.min.js.map - 1.408 ms
13/Sep/2019:02:21:34 +0000 - GET /js/popper.min.js.map - 1.349 ms
13/Sep/2019:05:56:15 +0000 - GET /js/popper.min.js.map - 3.079 ms
13/Sep/2019:07:27:14 +0000 - GET /js/popper.min.js.map - 2.240 ms
13/Sep/2019:07:29:58 +0000 - GET /js/popper.min.js.map - 1.396 ms
13/Sep/2019:07:30:50 +0000 - GET /js/popper.min.js.map - 0.596 ms
13/Sep/2019:07:35:15 +0000 - GET /js/popper.min.js.map - 0.780 ms
13/Sep/2019:07:45:58 +0000 - GET /js/popper.min.js.map - 0.886 ms
13/Sep/2019:07:47:39 +0000 - GET /js/popper.min.js.map - 0.494 ms
13/Sep/2019:08:02:11 +0000 - GET /js/popper.min.js.map - 0.647 ms
16/Sep/2019:06:52:26 +0000 - GET /js/popper.min.js.map - 1.949 ms
17/Sep/2019:07:01:38 +0000 - GET /js/popper.min.js.map - 1.217 ms
17/Sep/2019:07:02:56 +0000 - GET /js/popper.min.js.map - 0.969 ms
17/Sep/2019:07:03:23 +0000 - GET /js/popper.min.js.map - 2.379 ms
17/Sep/2019:07:04:28 +0000 - GET /js/popper.min.js.map - 0.631 ms
17/Sep/2019:07:06:15 +0000 - GET /js/popper.min.js.map - 0.470 ms
18/Sep/2019:08:25:34 +0000 - GET /js/popper.min.js.map - 0.677 ms
18/Sep/2019:09:55:53 +0000 - GET /js/popper.min.js.map - 0.516 ms
